<?xml version="1.0" encoding="UTF-8"?>
<!-- Generated by org.testng.reporters.JUnitXMLReporter -->
<testsuite ignored="0" hostname="Naveens-MacBook-Pro-2.local" failures="0" tests="3" name="Default test" time="0.045" errors="0" timestamp="2024-04-06T09:35:31 BST">
  <testcase classname="loan.carloan.newcar.Registration" name="apiRegistration" time="0.007"/>
  <testcase classname="loan.carloan.newcar.Registration" name="mobileRegistration" time="0.002"/>
  <testcase classname="loan.carloan.newcar.Registration" name="webRegistration" time="0.001"/>
</testsuite> <!-- Default test -->
