<?xml version="1.0" encoding="UTF-8"?>
<!-- Generated by org.testng.reporters.JUnitXMLReporter -->
<testsuite ignored="3" hostname="Naveens-MacBook-Pro-2.local" failures="0" tests="3" name="Car Loans Test" time="0.046" errors="0" timestamp="2024-04-06T09:43:29 BST">
  <testcase classname="loan.carloan.oldcar.Registration" name="mobileRegistration" time="0.009"/>
  <testcase classname="loan.carloan.oldcar.Registration" name="webRegistration" time="0.001"/>
  <testcase classname="loan.carloan.newcar.Registration" name="apiRegistration" time="0.002"/>
  <testcase classname="loan.carloan.oldcar.Registration" name="apiRegistration" time="0.0">
    <ignored/>
  </testcase> <!-- apiRegistration -->
  <testcase classname="loan.carloan.newcar.Registration" name="mobileRegistration" time="0.0">
    <ignored/>
  </testcase> <!-- mobileRegistration -->
  <testcase classname="loan.carloan.newcar.Registration" name="webRegistration" time="0.0">
    <ignored/>
  </testcase> <!-- webRegistration -->
</testsuite> <!-- Car Loans Test -->
