<?xml version="1.0" encoding="UTF-8"?>
<!-- Generated by org.testng.reporters.JUnitXMLReporter -->
<testsuite ignored="0" hostname="Naveens-MacBook-Pro-2.local" failures="0" tests="6" name="House Loans Test" time="0.02" errors="0" timestamp="2024-04-06T09:43:29 BST">
  <testcase classname="loan.houseloan.newhouse.Registration" name="apiRegistration" time="0.001"/>
  <testcase classname="loan.houseloan.newhouse.Registration" name="mobileRegistration" time="0.001"/>
  <testcase classname="loan.houseloan.newhouse.Registration" name="webRegistration" time="0.001"/>
  <testcase classname="loan.houseloan.oldhouse.Registration" name="apiRegistration" time="0.002"/>
  <testcase classname="loan.houseloan.oldhouse.Registration" name="mobileRegistration" time="0.002"/>
  <testcase classname="loan.houseloan.oldhouse.Registration" name="webRegistration" time="0.002"/>
</testsuite> <!-- House Loans Test -->
