<?xml version="1.0" encoding="UTF-8"?>
<!-- Generated by org.testng.reporters.JUnitXMLReporter -->
<testsuite ignored="0" hostname="Naveens-MacBook-Pro-2.local" failures="0" tests="6" name="Test" time="0.061" errors="0" timestamp="2024-04-06T09:36:02 BST">
  <testcase classname="loan.carloan.oldcar.Registration" name="apiRegistration" time="0.008"/>
  <testcase classname="loan.carloan.oldcar.Registration" name="mobileRegistration" time="0.001"/>
  <testcase classname="loan.carloan.oldcar.Registration" name="webRegistration" time="0.001"/>
  <testcase classname="loan.carloan.newcar.Registration" name="apiRegistration" time="0.001"/>
  <testcase classname="loan.carloan.newcar.Registration" name="mobileRegistration" time="0.001"/>
  <testcase classname="loan.carloan.newcar.Registration" name="webRegistration" time="0.002"/>
</testsuite> <!-- Test -->
